<?xml version="1.0" encoding="UTF-8"?>
<testsuite xmlns:xsi="http://www.w3.org/2001/XMLSchema-instance" xsi:noNamespaceSchemaLocation="https://maven.apache.org/surefire/maven-surefire-plugin/xsd/surefire-test-report.xsd" version="3.0.2" name="net.javaguides.ems_backend.EmsBackendApplicationTests" time="9.659" tests="1" errors="0" skipped="0" failures="0">
  <properties>
[...]
</properties>
  <testcase name="contextLoads" classname="net.javaguides.ems_backend.EmsBackendApplicationTests" time="0.49">
    <system-out><![CDATA[18:02:50.859 [main] INFO org.springframework.test.context.support.AnnotationConfigContextLoaderUtils -- Could not detect default configuration classes for test class [net.javaguides.ems_backend.EmsBackendApplicationTests]: EmsBackendApplicationTests does not declare any static, non-private, non-final, nested classes annotated with @Configuration.
18:02:51.220 [main] INFO org.springframework.boot.test.context.SpringBootTestContextBootstrapper -- Found @SpringBootConfiguration net.javaguides.ems_backend.EmsBackendApplication for test class net.javaguides.ems_backend.EmsBackendApplicationTests

  .   ____          _            __ _ _
 /\\ / ___'_ __ _ _(_)_ __  __ _ \ \ \ \
( ( )\___ | '_ | '_| | '_ \/ _` | \ \ \ \
 \\/  ___)| |_)| | | | | || (_| |  ) ) ) )
  '  |____| .__|_| |_|_| |_\__, | / / / /
 =========|_|==============|___/=/_/_/_/

 :: Spring Boot ::                (v3.5.5)

2025-10-04T18:02:52.367+02:00  INFO 20428 --- [ems-backend] [           main] n.j.e.EmsBackendApplicationTests         : Starting EmsBackendApplicationTests using Java 21.0.6 with PID 20428 (started by User in C:\Users\User\Studia\2025-2026 - Semestr 05\PAW - Programowanie Aplikacji WWW\full-stack\ems-backend)
2025-10-04T18:02:52.370+02:00  INFO 20428 --- [ems-backend] [           main] n.j.e.EmsBackendApplicationTests         : No active profile set, falling back to 1 default profile: "default"
2025-10-04T18:02:53.673+02:00  INFO 20428 --- [ems-backend] [           main] .s.d.r.c.RepositoryConfigurationDelegate : Bootstrapping Spring Data JPA repositories in DEFAULT mode.
2025-10-04T18:02:53.806+02:00  INFO 20428 --- [ems-backend] [           main] .s.d.r.c.RepositoryConfigurationDelegate : Finished Spring Data repository scanning in 116 ms. Found 3 JPA repository interfaces.
2025-10-04T18:02:54.894+02:00  INFO 20428 --- [ems-backend] [           main] o.hibernate.jpa.internal.util.LogHelper  : HHH000204: Processing PersistenceUnitInfo [name: default]
2025-10-04T18:02:55.047+02:00  INFO 20428 --- [ems-backend] [           main] org.hibernate.Version                    : HHH000412: Hibernate ORM core version 6.6.26.Final
2025-10-04T18:02:55.129+02:00  INFO 20428 --- [ems-backend] [           main] o.h.c.internal.RegionFactoryInitiator    : HHH000026: Second-level cache disabled
2025-10-04T18:02:55.765+02:00  INFO 20428 --- [ems-backend] [           main] o.s.o.j.p.SpringPersistenceUnitInfo      : No LoadTimeWeaver setup: ignoring JPA class transformer
2025-10-04T18:02:55.827+02:00  INFO 20428 --- [ems-backend] [           main] com.zaxxer.hikari.HikariDataSource       : HikariPool-1 - Starting...
2025-10-04T18:02:56.279+02:00  INFO 20428 --- [ems-backend] [           main] com.zaxxer.hikari.pool.HikariPool        : HikariPool-1 - Added connection ConnectionID:1 ClientConnectionId: a0f29a64-cb08-43c1-a3fe-3128dc74f50c
2025-10-04T18:02:56.283+02:00  INFO 20428 --- [ems-backend] [           main] com.zaxxer.hikari.HikariDataSource       : HikariPool-1 - Start completed.
2025-10-04T18:02:56.367+02:00  WARN 20428 --- [ems-backend] [           main] org.hibernate.orm.deprecation            : HHH90000025: SQLServerDialect does not need to be specified explicitly using 'hibernate.dialect' (remove the property setting and it will be selected by default)
2025-10-04T18:02:56.400+02:00  INFO 20428 --- [ems-backend] [           main] org.hibernate.orm.connections.pooling    : HHH10001005: Database info:
	Database JDBC URL [Connecting through datasource 'HikariDataSource (HikariPool-1)']
	Database driver: undefined/unknown
	Database version: 15.0
	Autocommit mode: undefined/unknown
	Isolation level: undefined/unknown
	Minimum pool size: undefined/unknown
	Maximum pool size: undefined/unknown
2025-10-04T18:02:57.785+02:00  INFO 20428 --- [ems-backend] [           main] o.h.e.t.j.p.i.JtaPlatformInitiator       : HHH000489: No JTA platform available (set 'hibernate.transaction.jta.platform' to enable JTA platform integration)
2025-10-04T18:02:58.173+02:00  INFO 20428 --- [ems-backend] [           main] j.LocalContainerEntityManagerFactoryBean : Initialized JPA EntityManagerFactory for persistence unit 'default'
2025-10-04T18:02:58.537+02:00  WARN 20428 --- [ems-backend] [           main] JpaBaseConfiguration$JpaWebConfiguration : spring.jpa.open-in-view is enabled by default. Therefore, database queries may be performed during view rendering. Explicitly configure spring.jpa.open-in-view to disable this warning
2025-10-04T18:02:58.907+02:00  INFO 20428 --- [ems-backend] [           main] eAuthenticationProviderManagerConfigurer : Global AuthenticationManager configured with AuthenticationProvider bean with name authenticationProvider
2025-10-04T18:02:58.908+02:00  WARN 20428 --- [ems-backend] [           main] r$InitializeUserDetailsManagerConfigurer : Global AuthenticationManager configured with an AuthenticationProvider bean. UserDetailsService beans will not be used by Spring Security for automatically configuring username/password login. Consider removing the AuthenticationProvider bean. Alternatively, consider using the UserDetailsService in a manually instantiated DaoAuthenticationProvider. If the current configuration is intentional, to turn off this warning, increase the logging level of 'org.springframework.security.config.annotation.authentication.configuration.InitializeUserDetailsBeanManagerConfigurer' to ERROR
2025-10-04T18:02:59.548+02:00  INFO 20428 --- [ems-backend] [           main] n.j.e.EmsBackendApplicationTests         : Started EmsBackendApplicationTests in 7.825 seconds (process running for 10.821)
]]></system-out>
    <system-err><![CDATA[Mockito is currently self-attaching to enable the inline-mock-maker. This will no longer work in future releases of the JDK. Please add Mockito as an agent to your build as described in Mockito's documentation: https://javadoc.io/doc/org.mockito/mockito-core/latest/org.mockito/org/mockito/Mockito.html#0.3
WARNING: A Java agent has been loaded dynamically (C:\Users\User\.m2\repository\net\bytebuddy\byte-buddy-agent\1.17.7\byte-buddy-agent-1.17.7.jar)
WARNING: If a serviceability tool is in use, please run with -XX:+EnableDynamicAgentLoading to hide this warning
WARNING: If a serviceability tool is not in use, please run with -Djdk.instrument.traceUsage for more information
WARNING: Dynamic loading of agents will be disallowed by default in a future release
]]></system-err>
  </testcase>
</testsuite>